# JRE version: OpenJDK Runtime Environment (11.0.12+7) (build 11.0.12+7-b1504.28-7817840)
# Java VM: OpenJDK 64-Bit Server VM (11.0.12+7-b1504.28-7817840, mixed mode, tiered, compressed oops, g1 gc, windows-amd64)
Heap:
 garbage-first heap   total 446464K, used 341910K [0x0000000080000000, 0x0000000100000000)
  region size 1024K, 94 young (96256K), 9 survivors (9216K)
 Metaspace       used 138450K, capacity 142947K, committed 143104K, reserved 1173504K
  class space    used 17699K, capacity 19420K, committed 19456K, reserved 1048576K
GC Heap History (20 events):
Event: 45.589 GC heap before
{Heap before GC invocations=57 (full 0):
 garbage-first heap   total 233472K, used 197206K [0x0000000080000000, 0x0000000100000000)
  region size 1024K, 85 young (87040K), 4 survivors (4096K)
 Metaspace       used 120967K, capacity 124457K, committed 124672K, reserved 1157120K
  class space    used 15717K, capacity 17105K, committed 17152K, reserved 1048576K
}
Event: 45.632 GC heap after
{Heap after GC invocations=58 (full 0):
 garbage-first heap   total 280576K, used 114856K [0x0000000080000000, 0x0000000100000000)
  region size 1024K, 5 young (5120K), 5 survivors (5120K)
 Metaspace       used 120967K, capacity 124457K, committed 124672K, reserved 1157120K
  class space    used 15717K, capacity 17105K, committed 17152K, reserved 1048576K
}
Event: 46.963 GC heap before
{Heap before GC invocations=58 (full 0):
 garbage-first heap   total 280576K, used 232616K [0x0000000080000000, 0x0000000100000000)
  region size 1024K, 120 young (122880K), 5 survivors (5120K)
 Metaspace       used 121162K, capacity 124627K, committed 124672K, reserved 1157120K
  class space    used 15723K, capacity 17110K, committed 17152K, reserved 1048576K
}
Event: 46.978 GC heap after
{Heap after GC invocations=59 (full 0):
 garbage-first heap   total 280576K, used 114635K [0x0000000080000000, 0x0000000100000000)
  region size 1024K, 5 young (5120K), 5 survivors (5120K)
 Metaspace       used 121162K, capacity 124627K, committed 124672K, reserved 1157120K
  class space    used 15723K, capacity 17110K, committed 17152K, reserved 1048576K
}
Event: 48.079 GC heap before
{Heap before GC invocations=59 (full 0):
 garbage-first heap   total 280576K, used 240587K [0x0000000080000000, 0x0000000100000000)
  region size 1024K, 128 young (131072K), 5 survivors (5120K)
 Metaspace       used 121808K, capacity 125356K, committed 125440K, reserved 1157120K
  class space    used 15764K, capacity 17146K, committed 17152K, reserved 1048576K
}
Event: 48.099 GC heap after
{Heap after GC invocations=60 (full 0):
 garbage-first heap   total 280576K, used 114856K [0x0000000080000000, 0x0000000100000000)
  region size 1024K, 5 young (5120K), 5 survivors (5120K)
 Metaspace       used 121808K, capacity 125356K, committed 125440K, reserved 1157120K
  class space    used 15764K, capacity 17146K, committed 17152K, reserved 1048576K
}
Event: 49.074 GC heap before
{Heap before GC invocations=60 (full 0):
 garbage-first heap   total 280576K, used 255144K [0x0000000080000000, 0x0000000100000000)
  region size 1024K, 126 young (129024K), 5 survivors (5120K)
 Metaspace       used 123933K, capacity 127541K, committed 127872K, reserved 1159168K
  class space    used 15999K, capacity 17443K, committed 17536K, reserved 1048576K
}
Event: 49.136 GC heap after
{Heap after GC invocations=61 (full 0):
 garbage-first heap   total 293888K, used 157944K [0x0000000080000000, 0x0000000100000000)
  region size 1024K, 16 young (16384K), 16 survivors (16384K)
 Metaspace       used 123933K, capacity 127541K, committed 127872K, reserved 1159168K
  class space    used 15999K, capacity 17443K, committed 17536K, reserved 1048576K
}
Event: 49.496 GC heap before
{Heap before GC invocations=61 (full 0):
 garbage-first heap   total 293888K, used 232696K [0x0000000080000000, 0x0000000100000000)
  region size 1024K, 90 young (92160K), 16 survivors (16384K)
 Metaspace       used 124138K, capacity 127689K, committed 127872K, reserved 1159168K
  class space    used 16001K, capacity 17445K, committed 17536K, reserved 1048576K
}
Event: 49.557 GC heap after
{Heap after GC invocations=62 (full 0):
 garbage-first heap   total 446464K, used 188260K [0x0000000080000000, 0x0000000100000000)
  region size 1024K, 12 young (12288K), 12 survivors (12288K)
 Metaspace       used 124138K, capacity 127689K, committed 127872K, reserved 1159168K
  class space    used 16001K, capacity 17445K, committed 17536K, reserved 1048576K
}
Event: 50.866 GC heap before
{Heap before GC invocations=62 (full 0):
 garbage-first heap   total 446464K, used 314212K [0x0000000080000000, 0x0000000100000000)
  region size 1024K, 128 young (131072K), 12 survivors (12288K)
 Metaspace       used 130242K, capacity 133960K, committed 134016K, reserved 1165312K
  class space    used 16779K, capacity 18275K, committed 18304K, reserved 1048576K
}
Event: 50.903 GC heap after
{Heap after GC invocations=63 (full 0):
 garbage-first heap   total 446464K, used 207424K [0x0000000080000000, 0x0000000100000000)
  region size 1024K, 9 young (9216K), 9 survivors (9216K)
 Metaspace       used 130242K, capacity 133960K, committed 134016K, reserved 1165312K
  class space    used 16779K, capacity 18275K, committed 18304K, reserved 1048576K
}
Event: 52.325 GC heap before
{Heap before GC invocations=63 (full 0):
 garbage-first heap   total 446464K, used 344640K [0x0000000080000000, 0x0000000100000000)
  region size 1024K, 123 young (125952K), 9 survivors (9216K)
 Metaspace       used 131173K, capacity 134910K, committed 135168K, reserved 1165312K
  class space    used 16856K, capacity 18375K, committed 18432K, reserved 1048576K
}
Event: 52.369 GC heap after
{Heap after GC invocations=64 (full 0):
 garbage-first heap   total 446464K, used 245735K [0x0000000080000000, 0x0000000100000000)
  region size 1024K, 16 young (16384K), 16 survivors (16384K)
 Metaspace       used 131173K, capacity 134910K, committed 135168K, reserved 1165312K
  class space    used 16856K, capacity 18375K, committed 18432K, reserved 1048576K
}
Event: 53.295 GC heap before
{Heap before GC invocations=64 (full 0):
 garbage-first heap   total 446464K, used 346087K [0x0000000080000000, 0x0000000100000000)
  region size 1024K, 113 young (115712K), 16 survivors (16384K)
 Metaspace       used 132887K, capacity 136616K, committed 136960K, reserved 1167360K
  class space    used 17043K, capacity 18582K, committed 18688K, reserved 1048576K
}
Event: 53.316 GC heap after
{Heap after GC invocations=65 (full 0):
 garbage-first heap   total 446464K, used 238359K [0x0000000080000000, 0x0000000100000000)
  region size 1024K, 9 young (9216K), 9 survivors (9216K)
 Metaspace       used 132887K, capacity 136616K, committed 136960K, reserved 1167360K
  class space    used 17043K, capacity 18582K, committed 18688K, reserved 1048576K
}
Event: 97.012 GC heap before
{Heap before GC invocations=65 (full 0):
 garbage-first heap   total 446464K, used 370455K [0x0000000080000000, 0x0000000100000000)
  region size 1024K, 113 young (115712K), 9 survivors (9216K)
 Metaspace       used 135081K, capacity 139004K, committed 139264K, reserved 1169408K
  class space    used 17316K, capacity 18886K, committed 18944K, reserved 1048576K
}
Event: 97.188 GC heap after
{Heap after GC invocations=66 (full 0):
 garbage-first heap   total 446464K, used 233762K [0x0000000080000000, 0x0000000100000000)
  region size 1024K, 4 young (4096K), 4 survivors (4096K)
 Metaspace       used 135081K, capacity 139004K, committed 139264K, reserved 1169408K
  class space    used 17316K, capacity 18886K, committed 18944K, reserved 1048576K
}
Event: 413.020 GC heap before
{Heap before GC invocations=66 (full 0):
 garbage-first heap   total 446464K, used 348450K [0x0000000080000000, 0x0000000100000000)
  region size 1024K, 117 young (119808K), 4 survivors (4096K)
 Metaspace       used 136330K, capacity 140445K, committed 140672K, reserved 1171456K
  class space    used 17375K, capacity 18999K, committed 19072K, reserved 1048576K
}
Event: 413.134 GC heap after
{Heap after GC invocations=67 (full 0):
 garbage-first heap   total 446464K, used 238486K [0x0000000080000000, 0x0000000100000000)
  region size 1024K, 9 young (9216K), 9 survivors (9216K)
 Metaspace       used 136330K, capacity 140445K, committed 140672K, reserved 1171456K
  class space    used 17375K, capacity 18999K, committed 19072K, reserved 1048576K
}

